{"type":"operationStart","subtype":"profile","data":{"_id":"LSWEZkMsfvoOLue6","timestamp":"2023-02-24T00:23:14.308Z","state":"queued","mode":"standard","creationDate":"2023-02-24T00:23:14.309Z","modificationDate":"2023-02-24T00:23:14.309Z","shortid":"xfaQFaH","$entitySet":"profiles"},"doDiffs":false,"timestamp":1677198194309,"id":"s9mziklzmxzc50b","previousOperationId":null,"operationId":"evofc3o1gszcpd0"}
{"type":"log","level":"info","message":"Render request 19 queued for execution and waiting for available worker","previousOperationId":"evofc3o1gszcpd0","timestamp":1677198194309,"id":"f3lzn1kedwanii9"}
{"type":"operationStart","subtype":"render","name":"orders-header","previousOperationId":"evofc3o1gszcpd0","timestamp":1677198194316,"id":"4jtdvkd4v0xbt6y","previousEventId":"s9mziklzmxzc50b","operationId":"r1nk59770d64bsl"}
{"type":"log","timestamp":1677198194316,"level":"info","message":"Starting rendering request 19","meta":{"rootId":"6uw1l5jz0ttwvd6","id":"6uw1l5jz0ttwvd6"},"id":"rq63ik9fmrklsdy","previousOperationId":"r1nk59770d64bsl"}
{"type":"log","timestamp":1677198194317,"level":"info","message":"Rendering template { name: orders-header, recipe: chrome-pdf, engine: handlebars, preview: true }","meta":{"rootId":"6uw1l5jz0ttwvd6","id":"6uw1l5jz0ttwvd6"},"id":"p7iyxstw30qi2ze","previousOperationId":"r1nk59770d64bsl"}
{"type":"log","timestamp":1677198194317,"level":"debug","message":"Data item not defined for this template.","meta":{"rootId":"6uw1l5jz0ttwvd6","id":"6uw1l5jz0ttwvd6"},"id":"5pk3r0qoezdkalj","previousOperationId":"r1nk59770d64bsl"}
{"type":"log","timestamp":1677198194319,"level":"debug","message":"Base url not specified, skipping its injection.","meta":{"rootId":"6uw1l5jz0ttwvd6","id":"6uw1l5jz0ttwvd6"},"id":"vn5xvda6qwdazqt","previousOperationId":"r1nk59770d64bsl"}
{"type":"operationStart","subtype":"engine","name":"handlebars","timestamp":1677198194319,"id":"erg5v5jmb6e7kxi","previousEventId":"4jtdvkd4v0xbt6y","operationId":"8ww0cmwgt63i7sp","previousOperationId":"r1nk59770d64bsl"}
{"type":"log","timestamp":1677198194319,"level":"debug","message":"Rendering engine handlebars","meta":{"rootId":"6uw1l5jz0ttwvd6","id":"6uw1l5jz0ttwvd6"},"id":"ficlowlhiiw1yt2","previousOperationId":"8ww0cmwgt63i7sp"}
{"type":"operationEnd","operationId":"8ww0cmwgt63i7sp","timestamp":1677198194333,"id":"a6eyu9g7kobklfw","previousEventId":"erg5v5jmb6e7kxi","previousOperationId":"8ww0cmwgt63i7sp"}
{"type":"operationStart","subtype":"recipe","name":"chrome-pdf","timestamp":1677198194334,"id":"80w4yg31c4qnbtf","previousEventId":"a6eyu9g7kobklfw","operationId":"zkpe4myczl913ku","previousOperationId":"8ww0cmwgt63i7sp"}
{"type":"log","timestamp":1677198194334,"level":"debug","message":"Executing recipe chrome-pdf","meta":{"rootId":"6uw1l5jz0ttwvd6","id":"6uw1l5jz0ttwvd6"},"id":"iia8qpjm07terp4","previousOperationId":"zkpe4myczl913ku"}
{"type":"log","timestamp":1677198194335,"level":"debug","message":"Converting with chrome HeadlessChrome/105.0.5173.0 using chrome-pool strategy","meta":{"rootId":"6uw1l5jz0ttwvd6","id":"6uw1l5jz0ttwvd6"},"id":"2v6xw48kg0qhe0w","previousOperationId":"zkpe4myczl913ku"}
{"type":"log","timestamp":1677198194411,"level":"debug","message":"Page request: GET (document) file:///C:/Users/redbe/AppData/Local/Temp/jsreport/autocleanup/ffe3b569-ee48-47c8-a5b5-7c908818a219-chrome-pdf.html","meta":{"rootId":"6uw1l5jz0ttwvd6","id":"6uw1l5jz0ttwvd6"},"id":"oton7arvubwa3ai","previousOperationId":"zkpe4myczl913ku"}
{"type":"log","timestamp":1677198194425,"level":"debug","message":"Page request finished: GET (document) 200 file:///C:/Users/redbe/AppData/Local/Temp/jsreport/autocleanup/ffe3b569-ee48-47c8-a5b5-7c908818a219-chrome-pdf.html","meta":{"rootId":"6uw1l5jz0ttwvd6","id":"6uw1l5jz0ttwvd6"},"id":"tniwivx9pce4yk4","previousOperationId":"zkpe4myczl913ku"}
{"type":"log","timestamp":1677198194425,"level":"debug","message":"Page request: GET (stylesheet) https://cdnjs.cloudflare.com/ajax/libs/metro/4.1.5/css/metro.min.css","meta":{"rootId":"6uw1l5jz0ttwvd6","id":"6uw1l5jz0ttwvd6"},"id":"8165eo170od9d00","previousOperationId":"zkpe4myczl913ku"}
{"type":"log","timestamp":1677198194442,"level":"debug","message":"Page request finished: GET (stylesheet) 200 https://cdnjs.cloudflare.com/ajax/libs/metro/4.1.5/css/metro.min.css","meta":{"rootId":"6uw1l5jz0ttwvd6","id":"6uw1l5jz0ttwvd6"},"id":"hz2vwrdmh6xddet","previousOperationId":"zkpe4myczl913ku"}
{"type":"log","timestamp":1677198194445,"level":"debug","message":"Running chrome with params {\"printBackground\":true,\"marginTop\":\"1.5cm\",\"marginRight\":\"1.5cm\",\"marginLeft\":\"1.cm\",\"timeout\":59973,\"margin\":{\"top\":\"1.5cm\",\"right\":\"1.5cm\",\"left\":\"1.cm\"}}","meta":{"rootId":"6uw1l5jz0ttwvd6","id":"6uw1l5jz0ttwvd6"},"id":"jp7j63wi4y17dfu","previousOperationId":"zkpe4myczl913ku"}
{"type":"operationEnd","operationId":"zkpe4myczl913ku","timestamp":1677198194470,"id":"y2i6lffa09pc30d","previousEventId":"80w4yg31c4qnbtf","previousOperationId":"zkpe4myczl913ku"}
{"type":"log","timestamp":1677198194470,"level":"debug","message":"Skipping storing report.","meta":{"rootId":"6uw1l5jz0ttwvd6","id":"6uw1l5jz0ttwvd6"},"id":"cwxsoolgc6sak8t","previousOperationId":"zkpe4myczl913ku"}
{"type":"log","timestamp":1677198194470,"level":"info","message":"Rendering request 19 finished in 162 ms","meta":{"rootId":"6uw1l5jz0ttwvd6","id":"6uw1l5jz0ttwvd6"},"id":"ndf21khczgcs3ya","previousOperationId":"zkpe4myczl913ku"}
{"type":"operationEnd","subtype":"render","operationId":"r1nk59770d64bsl","timestamp":1677198194470,"id":"ovnq4997hr5sn5j","previousEventId":"y2i6lffa09pc30d","previousOperationId":"zkpe4myczl913ku"}
{"type":"operationEnd","doDiffs":false,"previousEventId":"s9mziklzmxzc50b","previousOperationId":"evofc3o1gszcpd0","operationId":"evofc3o1gszcpd0","timestamp":1677198194475,"id":"idjntl5888ckob9"}
