{"type":"operationStart","subtype":"profile","data":{"_id":"HN81Fwi5ilz0fCZA","timestamp":"2023-02-24T00:21:50.800Z","state":"queued","mode":"standard","creationDate":"2023-02-24T00:21:50.802Z","modificationDate":"2023-02-24T00:21:50.802Z","shortid":"s84Mv5A","$entitySet":"profiles"},"doDiffs":false,"timestamp":1677198110802,"id":"ehcyoi8aexgdrd9","previousOperationId":null,"operationId":"wtkhlmemauxqayd"}
{"type":"log","level":"info","message":"Render request 18 queued for execution and waiting for available worker","previousOperationId":"wtkhlmemauxqayd","timestamp":1677198110802,"id":"c5oi3y59ow2x6ly"}
{"type":"operationStart","subtype":"render","name":"orders-main","previousOperationId":"wtkhlmemauxqayd","timestamp":1677198110808,"id":"k99bjxm2sa2kxqs","previousEventId":"ehcyoi8aexgdrd9","operationId":"kv4e0vo6kkl8ono"}
{"type":"log","timestamp":1677198110808,"level":"info","message":"Starting rendering request 18","meta":{"rootId":"at42z5fn6z001q3","id":"at42z5fn6z001q3"},"id":"cqz5ij9z22ldnhg","previousOperationId":"kv4e0vo6kkl8ono"}
{"type":"log","timestamp":1677198110808,"level":"info","message":"Rendering template { name: orders-main, recipe: chrome-pdf, engine: handlebars, preview: true }","meta":{"rootId":"at42z5fn6z001q3","id":"at42z5fn6z001q3"},"id":"pzz5thi9a6m49nk","previousOperationId":"kv4e0vo6kkl8ono"}
{"type":"log","timestamp":1677198110809,"level":"debug","message":"Data item not defined for this template.","meta":{"rootId":"at42z5fn6z001q3","id":"at42z5fn6z001q3"},"id":"8nrohqb071rmlrw","previousOperationId":"kv4e0vo6kkl8ono"}
{"type":"log","timestamp":1677198110812,"level":"debug","message":"Executing script orders-script (beforeRender)","meta":{"rootId":"at42z5fn6z001q3","id":"at42z5fn6z001q3"},"id":"0e8kb302ge6gje0","previousOperationId":"kv4e0vo6kkl8ono"}
{"type":"operationStart","subtype":"scriptsBeforeRender","name":"scripts beforeRender","timestamp":1677198110824,"id":"mitiby59i5x90u6","previousEventId":"k99bjxm2sa2kxqs","operationId":"d49afix1g5s5qj2","previousOperationId":"kv4e0vo6kkl8ono"}
{"type":"operationStart","subtype":"script","name":"scripts orders-script","previousOperationId":"d49afix1g5s5qj2","timestamp":1677198110824,"id":"54y7f98l42v4ngs","previousEventId":"mitiby59i5x90u6","operationId":"w0j7e4nvreq2n71"}
{"type":"operationEnd","operationId":"w0j7e4nvreq2n71","timestamp":1677198112689,"id":"qfw4627mxfulbsr","previousEventId":"k99bjxm2sa2kxqs","previousOperationId":"kv4e0vo6kkl8ono"}
{"type":"operationEnd","operationId":"d49afix1g5s5qj2","timestamp":1677198112689,"id":"2v8by2fp6zsh4qy","previousEventId":"qfw4627mxfulbsr","previousOperationId":"kv4e0vo6kkl8ono"}
{"type":"log","timestamp":1677198112689,"level":"debug","message":"Base url not specified, skipping its injection.","meta":{"rootId":"at42z5fn6z001q3","id":"at42z5fn6z001q3"},"id":"2s9xdpjtwakcvl3","previousOperationId":"d49afix1g5s5qj2"}
{"type":"operationStart","subtype":"engine","name":"handlebars","timestamp":1677198112689,"id":"z5sejnue3qluxk8","previousEventId":"2v8by2fp6zsh4qy","operationId":"lqd0knjz3xrkpbc","previousOperationId":"d49afix1g5s5qj2"}
{"type":"log","timestamp":1677198112689,"level":"debug","message":"Rendering engine handlebars","meta":{"rootId":"at42z5fn6z001q3","id":"at42z5fn6z001q3"},"id":"cl88lvgftp2xbfh","previousOperationId":"lqd0knjz3xrkpbc"}
{"type":"log","timestamp":1677198112703,"level":"debug","message":"(console:log) Pdf utils adding group field, value: \"France\"","meta":{"userLevel":true,"rootId":"at42z5fn6z001q3","id":"at42z5fn6z001q3"},"id":"i7vonrwancojcev","previousOperationId":"lqd0knjz3xrkpbc"}
{"type":"log","timestamp":1677198112704,"level":"debug","message":"(console:log) Pdf utils adding group field, value: \"Germany\"","meta":{"userLevel":true,"rootId":"at42z5fn6z001q3","id":"at42z5fn6z001q3"},"id":"qcvuj2lgojvyusw","previousOperationId":"lqd0knjz3xrkpbc"}
{"type":"operationEnd","operationId":"lqd0knjz3xrkpbc","timestamp":1677198112704,"id":"bmmw1ctk7ju9vdy","previousEventId":"z5sejnue3qluxk8","previousOperationId":"lqd0knjz3xrkpbc"}
{"type":"operationStart","subtype":"recipe","name":"chrome-pdf","timestamp":1677198112705,"id":"3w4h2pql93020p3","previousEventId":"bmmw1ctk7ju9vdy","operationId":"olfglv6j1ex5gzy","previousOperationId":"lqd0knjz3xrkpbc"}
{"type":"log","timestamp":1677198112705,"level":"debug","message":"Executing recipe chrome-pdf","meta":{"rootId":"at42z5fn6z001q3","id":"at42z5fn6z001q3"},"id":"h7aepz3rjevw4ur","previousOperationId":"olfglv6j1ex5gzy"}
{"type":"log","timestamp":1677198112707,"level":"debug","message":"Converting with chrome HeadlessChrome/105.0.5173.0 using chrome-pool strategy","meta":{"rootId":"at42z5fn6z001q3","id":"at42z5fn6z001q3"},"id":"rdo0iyb71coypdh","previousOperationId":"olfglv6j1ex5gzy"}
{"type":"log","timestamp":1677198112785,"level":"debug","message":"Page request: GET (document) file:///C:/Users/redbe/AppData/Local/Temp/jsreport/autocleanup/78045507-ccf7-4390-a507-353f030af756-chrome-pdf.html","meta":{"rootId":"at42z5fn6z001q3","id":"at42z5fn6z001q3"},"id":"6f87xtvmpchiud0","previousOperationId":"olfglv6j1ex5gzy"}
{"type":"log","timestamp":1677198112833,"level":"debug","message":"Page request finished: GET (document) 200 file:///C:/Users/redbe/AppData/Local/Temp/jsreport/autocleanup/78045507-ccf7-4390-a507-353f030af756-chrome-pdf.html","meta":{"rootId":"at42z5fn6z001q3","id":"at42z5fn6z001q3"},"id":"boignjnupkd57kn","previousOperationId":"olfglv6j1ex5gzy"}
{"type":"log","timestamp":1677198112833,"level":"debug","message":"Page request: GET (stylesheet) https://cdnjs.cloudflare.com/ajax/libs/metro/4.1.5/css/metro.min.css","meta":{"rootId":"at42z5fn6z001q3","id":"at42z5fn6z001q3"},"id":"qu1iz63fczjo5rm","previousOperationId":"olfglv6j1ex5gzy"}
{"type":"log","timestamp":1677198112833,"level":"debug","message":"Page request: GET (script) https://cdnjs.cloudflare.com/ajax/libs/Chart.js/2.7.2/Chart.min.js","meta":{"rootId":"at42z5fn6z001q3","id":"at42z5fn6z001q3"},"id":"j7qd5mfof0tmlbn","previousOperationId":"olfglv6j1ex5gzy"}
{"type":"log","timestamp":1677198115291,"level":"debug","message":"Page request finished: GET (script) 200 https://cdnjs.cloudflare.com/ajax/libs/Chart.js/2.7.2/Chart.min.js","meta":{"rootId":"at42z5fn6z001q3","id":"at42z5fn6z001q3"},"id":"o84g3d781hbk45c","previousOperationId":"olfglv6j1ex5gzy"}
{"type":"log","timestamp":1677198115380,"level":"debug","message":"Page request finished: GET (stylesheet) 200 https://cdnjs.cloudflare.com/ajax/libs/metro/4.1.5/css/metro.min.css","meta":{"rootId":"at42z5fn6z001q3","id":"at42z5fn6z001q3"},"id":"mo3obseykengw1u","previousOperationId":"olfglv6j1ex5gzy"}
{"type":"log","timestamp":1677198115450,"level":"debug","message":"Running chrome with params {\"printBackground\":true,\"marginTop\":\"4cm\",\"marginRight\":\"1.5cm\",\"marginBottom\":\"1.5cm\",\"marginLeft\":\"1.5cm\",\"waitForJS\":false,\"timeout\":58093,\"margin\":{\"top\":\"4cm\",\"right\":\"1.5cm\",\"bottom\":\"1.5cm\",\"left\":\"1.5cm\"}}","meta":{"rootId":"at42z5fn6z001q3","id":"at42z5fn6z001q3"},"id":"q7ha0htw54yrvq8","previousOperationId":"olfglv6j1ex5gzy"}
{"type":"operationEnd","operationId":"olfglv6j1ex5gzy","timestamp":1677198115590,"id":"pi8rwe4sf4645sn","previousEventId":"3w4h2pql93020p3","previousOperationId":"olfglv6j1ex5gzy"}
{"type":"log","timestamp":1677198115590,"level":"info","message":"pdf-utils is starting pdf processing","meta":{"rootId":"at42z5fn6z001q3","id":"at42z5fn6z001q3"},"id":"3c1q74f52y6ymdw","previousOperationId":"olfglv6j1ex5gzy"}
{"type":"operationStart","subtype":"pdfUtils","name":"pdf utils","timestamp":1677198115801,"id":"86xwygizjx03o0v","previousEventId":"pi8rwe4sf4645sn","operationId":"2ow2cf7hhtcry5c","previousOperationId":"olfglv6j1ex5gzy"}
{"type":"log","timestamp":1677198115802,"level":"debug","message":"pdf-utils detected 1 pdf operation(s) to process","meta":{"rootId":"at42z5fn6z001q3","id":"at42z5fn6z001q3"},"id":"zp2ltc7vuqaqxc6","previousOperationId":"2ow2cf7hhtcry5c"}
{"type":"log","timestamp":1677198116024,"level":"debug","message":"pdf-utils running pdf operation merge","meta":{"rootId":"at42z5fn6z001q3","id":"at42z5fn6z001q3"},"id":"q01xhke7v9d2ni1","previousOperationId":"2ow2cf7hhtcry5c"}
{"type":"operationStart","subtype":"pdfUtilsMerge","name":"pdf utils merge","previousOperationId":"2ow2cf7hhtcry5c","timestamp":1677198116025,"id":"dv6brc4wgntyamc","previousEventId":"86xwygizjx03o0v","operationId":"6p8jdgmdr4nrvo1"}
{"type":"operationStart","subtype":"render","name":"orders-header","previousOperationId":"6p8jdgmdr4nrvo1","timestamp":1677198116026,"id":"uny3h07z0b8vpp4","previousEventId":"dv6brc4wgntyamc","operationId":"ez18xz9lqbdpj0z"}
{"type":"log","timestamp":1677198116026,"level":"info","message":"Starting rendering (child) request","meta":{"rootId":"at42z5fn6z001q3","id":"vantucgesll29ht"},"id":"13ldrsov52xkulq","previousOperationId":"ez18xz9lqbdpj0z"}
{"type":"log","timestamp":1677198116026,"level":"info","message":"Rendering template { name: orders-header, recipe: chrome-pdf, engine: handlebars, preview: true }","meta":{"rootId":"at42z5fn6z001q3","id":"vantucgesll29ht"},"id":"cdtsqv14nqv6hy6","previousOperationId":"ez18xz9lqbdpj0z"}
{"type":"log","timestamp":1677198116033,"level":"debug","message":"Inline data specified.","meta":{"rootId":"at42z5fn6z001q3","id":"vantucgesll29ht"},"id":"yot11ee4ls160wc","previousOperationId":"ez18xz9lqbdpj0z"}
{"type":"log","timestamp":1677198116035,"level":"debug","message":"Base url not specified, skipping its injection.","meta":{"rootId":"at42z5fn6z001q3","id":"vantucgesll29ht"},"id":"qabzxsay8ig74ok","previousOperationId":"ez18xz9lqbdpj0z"}
{"type":"operationStart","subtype":"engine","name":"handlebars","timestamp":1677198116035,"id":"m81qln6zwiw1691","previousEventId":"uny3h07z0b8vpp4","operationId":"s7rp7rfilxrirt8","previousOperationId":"ez18xz9lqbdpj0z"}
{"type":"log","timestamp":1677198116035,"level":"debug","message":"Rendering engine handlebars","meta":{"rootId":"at42z5fn6z001q3","id":"vantucgesll29ht"},"id":"t88kdbooi4rx0ne","previousOperationId":"s7rp7rfilxrirt8"}
{"type":"operationEnd","operationId":"s7rp7rfilxrirt8","timestamp":1677198116060,"id":"kg0coemajsu6ez9","previousEventId":"m81qln6zwiw1691","previousOperationId":"s7rp7rfilxrirt8"}
{"type":"operationStart","subtype":"recipe","name":"chrome-pdf","timestamp":1677198116060,"id":"2xat05kbblp34k0","previousEventId":"kg0coemajsu6ez9","operationId":"nh3e2e5r3okf7wn","previousOperationId":"s7rp7rfilxrirt8"}
{"type":"log","timestamp":1677198116060,"level":"debug","message":"Executing recipe chrome-pdf","meta":{"rootId":"at42z5fn6z001q3","id":"vantucgesll29ht"},"id":"ben4zo4tgpzhcy7","previousOperationId":"nh3e2e5r3okf7wn"}
{"type":"log","timestamp":1677198116063,"level":"debug","message":"Converting with chrome HeadlessChrome/105.0.5173.0 using chrome-pool strategy","meta":{"rootId":"at42z5fn6z001q3","id":"vantucgesll29ht"},"id":"milh717pfv6ce5s","previousOperationId":"nh3e2e5r3okf7wn"}
{"type":"log","timestamp":1677198116132,"level":"debug","message":"Page request: GET (document) file:///C:/Users/redbe/AppData/Local/Temp/jsreport/autocleanup/a1b49e88-c6e3-4043-aa6a-3a75bae30cb7-chrome-pdf.html","meta":{"rootId":"at42z5fn6z001q3","id":"vantucgesll29ht"},"id":"ohtfcg4f6we2v54","previousOperationId":"nh3e2e5r3okf7wn"}
{"type":"log","timestamp":1677198116146,"level":"debug","message":"Page request finished: GET (document) 200 file:///C:/Users/redbe/AppData/Local/Temp/jsreport/autocleanup/a1b49e88-c6e3-4043-aa6a-3a75bae30cb7-chrome-pdf.html","meta":{"rootId":"at42z5fn6z001q3","id":"vantucgesll29ht"},"id":"pnqzpqi6suczj7w","previousOperationId":"nh3e2e5r3okf7wn"}
{"type":"log","timestamp":1677198116146,"level":"debug","message":"Page request: GET (stylesheet) https://cdnjs.cloudflare.com/ajax/libs/metro/4.1.5/css/metro.min.css","meta":{"rootId":"at42z5fn6z001q3","id":"vantucgesll29ht"},"id":"ljnfsmw0n1vl61q","previousOperationId":"nh3e2e5r3okf7wn"}
{"type":"log","timestamp":1677198116163,"level":"debug","message":"Page request finished: GET (stylesheet) 200 https://cdnjs.cloudflare.com/ajax/libs/metro/4.1.5/css/metro.min.css","meta":{"rootId":"at42z5fn6z001q3","id":"vantucgesll29ht"},"id":"2agjo13tsytayfm","previousOperationId":"nh3e2e5r3okf7wn"}
{"type":"log","timestamp":1677198116181,"level":"debug","message":"Running chrome with params {\"printBackground\":true,\"marginTop\":\"1.5cm\",\"marginRight\":\"1.5cm\",\"marginLeft\":\"1.cm\",\"timeout\":54738,\"margin\":{\"top\":\"1.5cm\",\"right\":\"1.5cm\",\"left\":\"1.cm\"}}","meta":{"rootId":"at42z5fn6z001q3","id":"vantucgesll29ht"},"id":"jljpoqd3gfos532","previousOperationId":"nh3e2e5r3okf7wn"}
{"type":"operationEnd","operationId":"nh3e2e5r3okf7wn","timestamp":1677198116242,"id":"r59gqsnxn7setum","previousEventId":"2xat05kbblp34k0","previousOperationId":"nh3e2e5r3okf7wn"}
{"type":"log","timestamp":1677198116242,"level":"debug","message":"Skipping storing report.","meta":{"rootId":"at42z5fn6z001q3","id":"vantucgesll29ht"},"id":"1c7fdnsn94cd2ko","previousOperationId":"nh3e2e5r3okf7wn"}
{"type":"log","timestamp":1677198116243,"level":"info","message":"Rendering (child) request finished in 5443 ms","meta":{"rootId":"at42z5fn6z001q3","id":"vantucgesll29ht"},"id":"xpw5bd7a4o6ymza","previousOperationId":"nh3e2e5r3okf7wn"}
{"type":"operationEnd","subtype":"render","operationId":"ez18xz9lqbdpj0z","timestamp":1677198116243,"id":"9m9kra7pe6gqzqy","previousEventId":"r59gqsnxn7setum","previousOperationId":"nh3e2e5r3okf7wn"}
{"type":"operationEnd","operationId":"6p8jdgmdr4nrvo1","timestamp":1677198116276,"id":"aav8ao4nohro4vm","previousEventId":"dv6brc4wgntyamc","previousOperationId":"6p8jdgmdr4nrvo1"}
{"type":"log","timestamp":1677198116276,"level":"debug","message":"pdf-utils postproces start","meta":{"rootId":"at42z5fn6z001q3","id":"at42z5fn6z001q3"},"id":"b6tsd94fn7ixr55","previousOperationId":"6p8jdgmdr4nrvo1"}
{"type":"log","timestamp":1677198116309,"level":"debug","message":"pdf-utils postproces end","meta":{"rootId":"at42z5fn6z001q3","id":"at42z5fn6z001q3"},"id":"vbz7bl4xdctqbfz","previousOperationId":"6p8jdgmdr4nrvo1"}
{"type":"operationEnd","operationId":"2ow2cf7hhtcry5c","timestamp":1677198116309,"id":"9nspixxrhrf83dw","previousEventId":"aav8ao4nohro4vm","previousOperationId":"6p8jdgmdr4nrvo1"}
{"type":"log","timestamp":1677198116309,"level":"info","message":"pdf-utils pdf processing was finished","meta":{"rootId":"at42z5fn6z001q3","id":"at42z5fn6z001q3"},"id":"6l010choqeot09v","previousOperationId":"2ow2cf7hhtcry5c"}
{"type":"log","timestamp":1677198116309,"level":"debug","message":"Skipping storing report.","meta":{"rootId":"at42z5fn6z001q3","id":"at42z5fn6z001q3"},"id":"4zaavgjitz4t13j","previousOperationId":"2ow2cf7hhtcry5c"}
{"type":"log","timestamp":1677198116309,"level":"info","message":"Rendering request 18 finished in 5509 ms","meta":{"rootId":"at42z5fn6z001q3","id":"at42z5fn6z001q3"},"id":"1dlgjimjc9fzjwp","previousOperationId":"2ow2cf7hhtcry5c"}
{"type":"operationEnd","subtype":"render","operationId":"kv4e0vo6kkl8ono","timestamp":1677198116309,"id":"ne43hiedt4k1i4w","previousEventId":"9nspixxrhrf83dw","previousOperationId":"2ow2cf7hhtcry5c"}
{"type":"operationEnd","doDiffs":false,"previousEventId":"ehcyoi8aexgdrd9","previousOperationId":"wtkhlmemauxqayd","operationId":"wtkhlmemauxqayd","timestamp":1677198116317,"id":"w30n97dipgq3w9m"}
