{"type":"operationStart","subtype":"profile","data":{"_id":"ji9GA37OcMKtBcFh","timestamp":"2023-02-24T00:24:08.828Z","state":"queued","mode":"standard","creationDate":"2023-02-24T00:24:08.830Z","modificationDate":"2023-02-24T00:24:08.830Z","shortid":"ThCDjKm","$entitySet":"profiles"},"doDiffs":false,"timestamp":1677198248829,"id":"txxzrb1a4n5601z","previousOperationId":null,"operationId":"qf2yf8g7kq9rndg"}
{"type":"log","level":"info","message":"Render request 20 queued for execution and waiting for available worker","previousOperationId":"qf2yf8g7kq9rndg","timestamp":1677198248829,"id":"b45fsvzlot7c7t4"}
{"type":"operationStart","subtype":"render","name":"orders-main","previousOperationId":"qf2yf8g7kq9rndg","timestamp":1677198248835,"id":"5hmswx83pirpme7","previousEventId":"txxzrb1a4n5601z","operationId":"pmqkgoj4yie2f95"}
{"type":"log","timestamp":1677198248835,"level":"info","message":"Starting rendering request 20","meta":{"rootId":"el3g01e3qsd9o9b","id":"el3g01e3qsd9o9b"},"id":"d2o4hzxwxk7b1cy","previousOperationId":"pmqkgoj4yie2f95"}
{"type":"log","timestamp":1677198248835,"level":"info","message":"Rendering template { name: orders-main, recipe: chrome-pdf, engine: handlebars, preview: true }","meta":{"rootId":"el3g01e3qsd9o9b","id":"el3g01e3qsd9o9b"},"id":"cpogj36q9kj33cx","previousOperationId":"pmqkgoj4yie2f95"}
{"type":"log","timestamp":1677198248837,"level":"debug","message":"Data item not defined for this template.","meta":{"rootId":"el3g01e3qsd9o9b","id":"el3g01e3qsd9o9b"},"id":"rz5qt8dtuogoduj","previousOperationId":"pmqkgoj4yie2f95"}
{"type":"log","timestamp":1677198248839,"level":"debug","message":"Executing script orders-script (beforeRender)","meta":{"rootId":"el3g01e3qsd9o9b","id":"el3g01e3qsd9o9b"},"id":"tk6at2zq9ehdcoo","previousOperationId":"pmqkgoj4yie2f95"}
{"type":"operationStart","subtype":"scriptsBeforeRender","name":"scripts beforeRender","timestamp":1677198248846,"id":"dmd502yxc0z49ea","previousEventId":"5hmswx83pirpme7","operationId":"lkv03l2lfic2qne","previousOperationId":"pmqkgoj4yie2f95"}
{"type":"operationStart","subtype":"script","name":"scripts orders-script","previousOperationId":"lkv03l2lfic2qne","timestamp":1677198248846,"id":"bieshi85ubcu1fn","previousEventId":"dmd502yxc0z49ea","operationId":"us1bqru8wkhh4fk"}
{"type":"operationEnd","operationId":"us1bqru8wkhh4fk","timestamp":1677198250807,"id":"ojijbki3ue4byno","previousEventId":"5hmswx83pirpme7","previousOperationId":"pmqkgoj4yie2f95"}
{"type":"operationEnd","operationId":"lkv03l2lfic2qne","timestamp":1677198250807,"id":"duplzdnmd9jncau","previousEventId":"ojijbki3ue4byno","previousOperationId":"pmqkgoj4yie2f95"}
{"type":"log","timestamp":1677198250807,"level":"debug","message":"Base url not specified, skipping its injection.","meta":{"rootId":"el3g01e3qsd9o9b","id":"el3g01e3qsd9o9b"},"id":"b34viu0l0ypcdl0","previousOperationId":"lkv03l2lfic2qne"}
{"type":"operationStart","subtype":"engine","name":"handlebars","timestamp":1677198250807,"id":"aw9zt814chfm1cd","previousEventId":"duplzdnmd9jncau","operationId":"rpejid978sxh6ou","previousOperationId":"lkv03l2lfic2qne"}
{"type":"log","timestamp":1677198250807,"level":"debug","message":"Rendering engine handlebars","meta":{"rootId":"el3g01e3qsd9o9b","id":"el3g01e3qsd9o9b"},"id":"oxdwicgq2r1kvkv","previousOperationId":"rpejid978sxh6ou"}
{"type":"log","timestamp":1677198250817,"level":"debug","message":"(console:log) Pdf utils adding group field, value: \"France\"","meta":{"userLevel":true,"rootId":"el3g01e3qsd9o9b","id":"el3g01e3qsd9o9b"},"id":"0m5kuwgb5tknr2e","previousOperationId":"rpejid978sxh6ou"}
{"type":"log","timestamp":1677198250817,"level":"debug","message":"(console:log) Pdf utils adding group field, value: \"Germany\"","meta":{"userLevel":true,"rootId":"el3g01e3qsd9o9b","id":"el3g01e3qsd9o9b"},"id":"loq1ey4346888qv","previousOperationId":"rpejid978sxh6ou"}
{"type":"operationEnd","operationId":"rpejid978sxh6ou","timestamp":1677198250818,"id":"ytrqycvld59qk9x","previousEventId":"aw9zt814chfm1cd","previousOperationId":"rpejid978sxh6ou"}
{"type":"operationStart","subtype":"recipe","name":"chrome-pdf","timestamp":1677198250818,"id":"nau5p7jliha3abb","previousEventId":"ytrqycvld59qk9x","operationId":"93e7q21irdywpuq","previousOperationId":"rpejid978sxh6ou"}
{"type":"log","timestamp":1677198250818,"level":"debug","message":"Executing recipe chrome-pdf","meta":{"rootId":"el3g01e3qsd9o9b","id":"el3g01e3qsd9o9b"},"id":"qe9r82lr4072cvh","previousOperationId":"93e7q21irdywpuq"}
{"type":"log","timestamp":1677198250820,"level":"debug","message":"Converting with chrome HeadlessChrome/105.0.5173.0 using chrome-pool strategy","meta":{"rootId":"el3g01e3qsd9o9b","id":"el3g01e3qsd9o9b"},"id":"qa2a8p879n19d2p","previousOperationId":"93e7q21irdywpuq"}
{"type":"log","timestamp":1677198250902,"level":"debug","message":"Page request: GET (document) file:///C:/Users/redbe/AppData/Local/Temp/jsreport/autocleanup/30791335-d852-4907-8c87-3fbc9b844925-chrome-pdf.html","meta":{"rootId":"el3g01e3qsd9o9b","id":"el3g01e3qsd9o9b"},"id":"kux0upip1fwkw7m","previousOperationId":"93e7q21irdywpuq"}
{"type":"log","timestamp":1677198250943,"level":"debug","message":"Page request finished: GET (document) 200 file:///C:/Users/redbe/AppData/Local/Temp/jsreport/autocleanup/30791335-d852-4907-8c87-3fbc9b844925-chrome-pdf.html","meta":{"rootId":"el3g01e3qsd9o9b","id":"el3g01e3qsd9o9b"},"id":"gt07dfauqapr5x7","previousOperationId":"93e7q21irdywpuq"}
{"type":"log","timestamp":1677198250943,"level":"debug","message":"Page request: GET (stylesheet) https://cdnjs.cloudflare.com/ajax/libs/metro/4.1.5/css/metro.min.css","meta":{"rootId":"el3g01e3qsd9o9b","id":"el3g01e3qsd9o9b"},"id":"8mz172qol7pa91t","previousOperationId":"93e7q21irdywpuq"}
{"type":"log","timestamp":1677198250944,"level":"debug","message":"Page request: GET (script) https://cdnjs.cloudflare.com/ajax/libs/Chart.js/2.7.2/Chart.min.js","meta":{"rootId":"el3g01e3qsd9o9b","id":"el3g01e3qsd9o9b"},"id":"cg92e9p1fk4rm6v","previousOperationId":"93e7q21irdywpuq"}
{"type":"log","timestamp":1677198250963,"level":"debug","message":"Page request finished: GET (stylesheet) 200 https://cdnjs.cloudflare.com/ajax/libs/metro/4.1.5/css/metro.min.css","meta":{"rootId":"el3g01e3qsd9o9b","id":"el3g01e3qsd9o9b"},"id":"lecxgrbj6fekh9h","previousOperationId":"93e7q21irdywpuq"}
{"type":"log","timestamp":1677198250963,"level":"debug","message":"Page request finished: GET (script) 200 https://cdnjs.cloudflare.com/ajax/libs/Chart.js/2.7.2/Chart.min.js","meta":{"rootId":"el3g01e3qsd9o9b","id":"el3g01e3qsd9o9b"},"id":"op1fwszig116wj8","previousOperationId":"93e7q21irdywpuq"}
{"type":"log","timestamp":1677198251041,"level":"debug","message":"Running chrome with params {\"printBackground\":true,\"marginTop\":\"4cm\",\"marginRight\":\"1.5cm\",\"marginBottom\":\"1.5cm\",\"marginLeft\":\"1.5cm\",\"waitForJS\":false,\"timeout\":58009,\"margin\":{\"top\":\"4cm\",\"right\":\"1.5cm\",\"bottom\":\"1.5cm\",\"left\":\"1.5cm\"}}","meta":{"rootId":"el3g01e3qsd9o9b","id":"el3g01e3qsd9o9b"},"id":"6mey3z48a1vy1k9","previousOperationId":"93e7q21irdywpuq"}
{"type":"operationEnd","operationId":"93e7q21irdywpuq","timestamp":1677198251178,"id":"ikgyec7pszrkznn","previousEventId":"nau5p7jliha3abb","previousOperationId":"93e7q21irdywpuq"}
{"type":"log","timestamp":1677198251178,"level":"info","message":"pdf-utils is starting pdf processing","meta":{"rootId":"el3g01e3qsd9o9b","id":"el3g01e3qsd9o9b"},"id":"3pz4erjzmbblio1","previousOperationId":"93e7q21irdywpuq"}
{"type":"operationStart","subtype":"pdfUtils","name":"pdf utils","timestamp":1677198251178,"id":"p7hgyjazdn9znqa","previousEventId":"ikgyec7pszrkznn","operationId":"8mmaf28xpo1xonj","previousOperationId":"93e7q21irdywpuq"}
{"type":"log","timestamp":1677198251178,"level":"debug","message":"pdf-utils detected 1 pdf operation(s) to process","meta":{"rootId":"el3g01e3qsd9o9b","id":"el3g01e3qsd9o9b"},"id":"knuk7acsep6ldr9","previousOperationId":"8mmaf28xpo1xonj"}
{"type":"log","timestamp":1677198251238,"level":"debug","message":"pdf-utils running pdf operation merge","meta":{"rootId":"el3g01e3qsd9o9b","id":"el3g01e3qsd9o9b"},"id":"46a7gh1326u8tpl","previousOperationId":"8mmaf28xpo1xonj"}
{"type":"operationStart","subtype":"pdfUtilsMerge","name":"pdf utils merge","previousOperationId":"8mmaf28xpo1xonj","timestamp":1677198251238,"id":"zcpany9ty1mj0yb","previousEventId":"p7hgyjazdn9znqa","operationId":"urbr7s1tz7lee2m"}
{"type":"operationStart","subtype":"render","name":"orders-header","previousOperationId":"urbr7s1tz7lee2m","timestamp":1677198251239,"id":"e2ytiaazxllyj78","previousEventId":"zcpany9ty1mj0yb","operationId":"zs6katms9fy8zm5"}
{"type":"log","timestamp":1677198251239,"level":"info","message":"Starting rendering (child) request","meta":{"rootId":"el3g01e3qsd9o9b","id":"oq17106vb5u78mu"},"id":"kidmjsic1ln8bo7","previousOperationId":"zs6katms9fy8zm5"}
{"type":"log","timestamp":1677198251240,"level":"info","message":"Rendering template { name: orders-header, recipe: chrome-pdf, engine: handlebars, preview: true }","meta":{"rootId":"el3g01e3qsd9o9b","id":"oq17106vb5u78mu"},"id":"f8k4jntsynrkr6u","previousOperationId":"zs6katms9fy8zm5"}
{"type":"log","timestamp":1677198251240,"level":"debug","message":"Inline data specified.","meta":{"rootId":"el3g01e3qsd9o9b","id":"oq17106vb5u78mu"},"id":"06w665bjuo6by94","previousOperationId":"zs6katms9fy8zm5"}
{"type":"log","timestamp":1677198251242,"level":"debug","message":"Base url not specified, skipping its injection.","meta":{"rootId":"el3g01e3qsd9o9b","id":"oq17106vb5u78mu"},"id":"62j0im15168oej1","previousOperationId":"zs6katms9fy8zm5"}
{"type":"operationStart","subtype":"engine","name":"handlebars","timestamp":1677198251242,"id":"myc4qehj98rkyox","previousEventId":"e2ytiaazxllyj78","operationId":"d4myklp9sqrqth7","previousOperationId":"zs6katms9fy8zm5"}
{"type":"log","timestamp":1677198251242,"level":"debug","message":"Rendering engine handlebars","meta":{"rootId":"el3g01e3qsd9o9b","id":"oq17106vb5u78mu"},"id":"7xf20ogs09o5a2r","previousOperationId":"d4myklp9sqrqth7"}
{"type":"operationEnd","operationId":"d4myklp9sqrqth7","timestamp":1677198251265,"id":"2wsxn6v10ssxmhu","previousEventId":"myc4qehj98rkyox","previousOperationId":"d4myklp9sqrqth7"}
{"type":"operationStart","subtype":"recipe","name":"chrome-pdf","timestamp":1677198251265,"id":"3m7zls8izx7r1hk","previousEventId":"2wsxn6v10ssxmhu","operationId":"tnukeo4fnxfeumi","previousOperationId":"d4myklp9sqrqth7"}
{"type":"log","timestamp":1677198251265,"level":"debug","message":"Executing recipe chrome-pdf","meta":{"rootId":"el3g01e3qsd9o9b","id":"oq17106vb5u78mu"},"id":"l81qtl1lfs8phf1","previousOperationId":"tnukeo4fnxfeumi"}
{"type":"log","timestamp":1677198251270,"level":"debug","message":"Converting with chrome HeadlessChrome/105.0.5173.0 using chrome-pool strategy","meta":{"rootId":"el3g01e3qsd9o9b","id":"oq17106vb5u78mu"},"id":"m7yg3syh34byy5h","previousOperationId":"tnukeo4fnxfeumi"}
{"type":"log","timestamp":1677198251350,"level":"debug","message":"Page request: GET (document) file:///C:/Users/redbe/AppData/Local/Temp/jsreport/autocleanup/2ef75920-f7f2-4432-b460-cd6b9a6167e8-chrome-pdf.html","meta":{"rootId":"el3g01e3qsd9o9b","id":"oq17106vb5u78mu"},"id":"f9wpc830svkkwmz","previousOperationId":"tnukeo4fnxfeumi"}
{"type":"log","timestamp":1677198251362,"level":"debug","message":"Page request finished: GET (document) 200 file:///C:/Users/redbe/AppData/Local/Temp/jsreport/autocleanup/2ef75920-f7f2-4432-b460-cd6b9a6167e8-chrome-pdf.html","meta":{"rootId":"el3g01e3qsd9o9b","id":"oq17106vb5u78mu"},"id":"xjk15w56xc3calk","previousOperationId":"tnukeo4fnxfeumi"}
{"type":"log","timestamp":1677198251362,"level":"debug","message":"Page request: GET (stylesheet) https://cdnjs.cloudflare.com/ajax/libs/metro/4.1.5/css/metro.min.css","meta":{"rootId":"el3g01e3qsd9o9b","id":"oq17106vb5u78mu"},"id":"g7iyogag3398m47","previousOperationId":"tnukeo4fnxfeumi"}
{"type":"log","timestamp":1677198251383,"level":"debug","message":"Page request finished: GET (stylesheet) 200 https://cdnjs.cloudflare.com/ajax/libs/metro/4.1.5/css/metro.min.css","meta":{"rootId":"el3g01e3qsd9o9b","id":"oq17106vb5u78mu"},"id":"6umnimxt3kkpol8","previousOperationId":"tnukeo4fnxfeumi"}
{"type":"log","timestamp":1677198251408,"level":"debug","message":"Running chrome with params {\"printBackground\":true,\"marginTop\":\"1.5cm\",\"marginRight\":\"1.5cm\",\"marginLeft\":\"1.cm\",\"timeout\":57560,\"margin\":{\"top\":\"1.5cm\",\"right\":\"1.5cm\",\"left\":\"1.cm\"}}","meta":{"rootId":"el3g01e3qsd9o9b","id":"oq17106vb5u78mu"},"id":"jc3v4ujnk3jx7gk","previousOperationId":"tnukeo4fnxfeumi"}
{"type":"operationEnd","operationId":"tnukeo4fnxfeumi","timestamp":1677198251460,"id":"gaoba56h5gdmygn","previousEventId":"3m7zls8izx7r1hk","previousOperationId":"tnukeo4fnxfeumi"}
{"type":"log","timestamp":1677198251460,"level":"debug","message":"Skipping storing report.","meta":{"rootId":"el3g01e3qsd9o9b","id":"oq17106vb5u78mu"},"id":"ke4bgxx21zzrsa7","previousOperationId":"tnukeo4fnxfeumi"}
{"type":"log","timestamp":1677198251460,"level":"info","message":"Rendering (child) request finished in 2632 ms","meta":{"rootId":"el3g01e3qsd9o9b","id":"oq17106vb5u78mu"},"id":"gi5vl1vuun2wnip","previousOperationId":"tnukeo4fnxfeumi"}
{"type":"operationEnd","subtype":"render","operationId":"zs6katms9fy8zm5","timestamp":1677198251460,"id":"grhq74a3x32aorr","previousEventId":"gaoba56h5gdmygn","previousOperationId":"tnukeo4fnxfeumi"}
{"type":"operationEnd","operationId":"urbr7s1tz7lee2m","timestamp":1677198251477,"id":"7md7vrg58bp3ck5","previousEventId":"zcpany9ty1mj0yb","previousOperationId":"urbr7s1tz7lee2m"}
{"type":"log","timestamp":1677198251477,"level":"debug","message":"pdf-utils postproces start","meta":{"rootId":"el3g01e3qsd9o9b","id":"el3g01e3qsd9o9b"},"id":"p1bxhqv7qpwmt2j","previousOperationId":"urbr7s1tz7lee2m"}
{"type":"log","timestamp":1677198251503,"level":"debug","message":"pdf-utils postproces end","meta":{"rootId":"el3g01e3qsd9o9b","id":"el3g01e3qsd9o9b"},"id":"o2gcz6uduwpn99h","previousOperationId":"urbr7s1tz7lee2m"}
{"type":"operationEnd","operationId":"8mmaf28xpo1xonj","timestamp":1677198251503,"id":"dlteqgmzx1anav2","previousEventId":"7md7vrg58bp3ck5","previousOperationId":"urbr7s1tz7lee2m"}
{"type":"log","timestamp":1677198251503,"level":"info","message":"pdf-utils pdf processing was finished","meta":{"rootId":"el3g01e3qsd9o9b","id":"el3g01e3qsd9o9b"},"id":"tcqml0r23e30chu","previousOperationId":"8mmaf28xpo1xonj"}
{"type":"log","timestamp":1677198251503,"level":"debug","message":"Skipping storing report.","meta":{"rootId":"el3g01e3qsd9o9b","id":"el3g01e3qsd9o9b"},"id":"uv64x6btr70h6n6","previousOperationId":"8mmaf28xpo1xonj"}
{"type":"log","timestamp":1677198251503,"level":"info","message":"Rendering request 20 finished in 2675 ms","meta":{"rootId":"el3g01e3qsd9o9b","id":"el3g01e3qsd9o9b"},"id":"slu45mb8b81diz2","previousOperationId":"8mmaf28xpo1xonj"}
{"type":"operationEnd","subtype":"render","operationId":"pmqkgoj4yie2f95","timestamp":1677198251503,"id":"arobx43d8tow3hp","previousEventId":"dlteqgmzx1anav2","previousOperationId":"8mmaf28xpo1xonj"}
{"type":"operationEnd","doDiffs":false,"previousEventId":"txxzrb1a4n5601z","previousOperationId":"qf2yf8g7kq9rndg","operationId":"qf2yf8g7kq9rndg","timestamp":1677198251510,"id":"xgnc0xf3hvv1wd3"}
